Copyright 1986-2022 Xilinx, Inc. All Rights Reserved. Copyright 2022-2024 Advanced Micro Devices, Inc. All Rights Reserved.
---------------------------------------------------------------------------------------------------------------------------------------------
| Tool Version : Vivado v.2023.2.2 (win64) Build 4126759 Thu Feb  8 23:53:51 MST 2024
| Date         : Fri Jun 21 19:40:55 2024
| Host         : Imuposibru running 64-bit major release  (build 9200)
| Command      : report_control_sets -verbose -file zybo_taylor_wrapper_control_sets_placed.rpt
| Design       : zybo_taylor_wrapper
| Device       : xc7z010
---------------------------------------------------------------------------------------------------------------------------------------------

Control Set Information

Table of Contents
-----------------
1. Summary
2. Histogram
3. Flip-Flop Distribution
4. Detailed Control Set Information

1. Summary
----------

+----------------------------------------------------------+-------+
|                          Status                          | Count |
+----------------------------------------------------------+-------+
| Total control sets                                       |    45 |
|    Minimum number of control sets                        |    45 |
|    Addition due to synthesis replication                 |     0 |
|    Addition due to physical synthesis replication        |     0 |
| Unused register locations in slices containing registers |   117 |
+----------------------------------------------------------+-------+
* Control sets can be merged at opt_design using control_set_merge or merge_equivalent_drivers
** Run report_qor_suggestions for automated merging and remapping suggestions


2. Histogram
------------

+--------------------+-------+
|       Fanout       | Count |
+--------------------+-------+
| Total control sets |    45 |
| >= 0 to < 4        |     2 |
| >= 4 to < 6        |    10 |
| >= 6 to < 8        |     1 |
| >= 8 to < 10       |     9 |
| >= 10 to < 12      |     2 |
| >= 12 to < 14      |     8 |
| >= 14 to < 16      |     2 |
| >= 16              |    11 |
+--------------------+-------+
* Control sets can be remapped at either synth_design or opt_design


3. Flip-Flop Distribution
-------------------------

+--------------+-----------------------+------------------------+-----------------+--------------+
| Clock Enable | Synchronous Set/Reset | Asynchronous Set/Reset | Total Registers | Total Slices |
+--------------+-----------------------+------------------------+-----------------+--------------+
| No           | No                    | No                     |             126 |           36 |
| No           | No                    | Yes                    |               0 |            0 |
| No           | Yes                   | No                     |              33 |           17 |
| Yes          | No                    | No                     |             331 |           93 |
| Yes          | No                    | Yes                    |               0 |            0 |
| Yes          | Yes                   | No                     |             137 |           32 |
+--------------+-----------------------+------------------------+-----------------+--------------+


4. Detailed Control Set Information
-----------------------------------

+----------------------------------------------------+---------------------------------------------------------------------------------------------------------------------------------------------------------------------+------------------------------------------------------------------------------------------------------------------------------------------------------------+------------------+----------------+--------------+
|                    Clock Signal                    |                                                                            Enable Signal                                                                            |                                                                      Set/Reset Signal                                                                      | Slice Load Count | Bel Load Count | Bels / Slice |
+----------------------------------------------------+---------------------------------------------------------------------------------------------------------------------------------------------------------------------+------------------------------------------------------------------------------------------------------------------------------------------------------------+------------------+----------------+--------------+
|  zybo_taylor_i/processing_system7_0/inst/FCLK_CLK0 | zybo_taylor_i/axi_interconnect_0/s00_couplers/auto_pc/inst/gen_axilite.gen_b2s_conv.axilite_b2s/WR.aw_channel_0/aw_cmd_fsm_0/FSM_sequential_state_reg[0]_1          | zybo_taylor_i/axi_interconnect_0/s00_couplers/auto_pc/inst/gen_axilite.gen_b2s_conv.axilite_b2s/WR.aw_channel_0/aw_cmd_fsm_0/FSM_sequential_state_reg[0]_0 |                1 |              1 |         1.00 |
|  zybo_taylor_i/processing_system7_0/inst/FCLK_CLK0 | zybo_taylor_i/axi_interconnect_0/s00_couplers/auto_pc/inst/gen_axilite.gen_b2s_conv.axilite_b2s/WR.b_channel_0/bid_fifo_0/sel                                       |                                                                                                                                                            |                1 |              2 |         2.00 |
|  zybo_taylor_i/processing_system7_0/inst/FCLK_CLK0 |                                                                                                                                                                     | zybo_taylor_i/axi_interconnect_0/s00_couplers/auto_pc/inst/gen_axilite.gen_b2s_conv.axilite_b2s/SI_REG/aw.aw_pipe/aresetn_d_reg[0]_0                       |                3 |              4 |         1.33 |
|  zybo_taylor_i/processing_system7_0/inst/FCLK_CLK0 |                                                                                                                                                                     | zybo_taylor_i/axi_interconnect_0/s00_couplers/auto_pc/inst/gen_axilite.gen_b2s_conv.axilite_b2s/SI_REG/ar.ar_pipe/aresetn_d_reg[1]_inv_0                   |                3 |              4 |         1.33 |
|  zybo_taylor_i/processing_system7_0/inst/FCLK_CLK0 |                                                                                                                                                                     | zybo_taylor_i/rst_ps7_0_50M/U0/EXT_LPF/lpf_int                                                                                                             |                2 |              4 |         2.00 |
|  zybo_taylor_i/processing_system7_0/inst/FCLK_CLK0 | zybo_taylor_i/axi_interconnect_0/s00_couplers/auto_pc/inst/gen_axilite.gen_b2s_conv.axilite_b2s/RD.ar_channel_0/ar_cmd_fsm_0/m_axi_arready_2                        | zybo_taylor_i/axi_interconnect_0/s00_couplers/auto_pc/inst/gen_axilite.gen_b2s_conv.axilite_b2s/RD.ar_channel_0/ar_cmd_fsm_0/FSM_sequential_state_reg[1]_0 |                3 |              4 |         1.33 |
|  zybo_taylor_i/processing_system7_0/inst/FCLK_CLK0 | zybo_taylor_i/axi_interconnect_0/s00_couplers/auto_pc/inst/gen_axilite.gen_b2s_conv.axilite_b2s/RD.ar_channel_0/ar_cmd_fsm_0/E[0]                                   |                                                                                                                                                            |                3 |              4 |         1.33 |
|  zybo_taylor_i/processing_system7_0/inst/FCLK_CLK0 | zybo_taylor_i/axi_interconnect_0/s00_couplers/auto_pc/inst/gen_axilite.gen_b2s_conv.axilite_b2s/RD.ar_channel_0/ar_cmd_fsm_0/sel_first_reg[0]                       |                                                                                                                                                            |                1 |              4 |         4.00 |
|  zybo_taylor_i/processing_system7_0/inst/FCLK_CLK0 | zybo_taylor_i/axi_interconnect_0/s00_couplers/auto_pc/inst/gen_axilite.gen_b2s_conv.axilite_b2s/WR.aw_channel_0/aw_cmd_fsm_0/m_valid_i_reg[0]                       |                                                                                                                                                            |                2 |              4 |         2.00 |
|  zybo_taylor_i/processing_system7_0/inst/FCLK_CLK0 | zybo_taylor_i/axi_interconnect_0/s00_couplers/auto_pc/inst/gen_axilite.gen_b2s_conv.axilite_b2s/WR.aw_channel_0/cmd_translator_0/incr_cmd_0/axaddr_incr[11]_i_1_n_0 |                                                                                                                                                            |                1 |              4 |         4.00 |
|  zybo_taylor_i/processing_system7_0/inst/FCLK_CLK0 | zybo_taylor_i/axi_interconnect_0/s00_couplers/auto_pc/inst/gen_axilite.gen_b2s_conv.axilite_b2s/RD.r_channel_0/rd_data_fifo_0/cnt_read[4]_i_1__0_n_0                | zybo_taylor_i/axi_interconnect_0/s00_couplers/auto_pc/inst/gen_axilite.gen_b2s_conv.axilite_b2s/areset_d1                                                  |                2 |              5 |         2.50 |
|  zybo_taylor_i/processing_system7_0/inst/FCLK_CLK0 | zybo_taylor_i/axi_interconnect_0/s00_couplers/auto_pc/inst/gen_axilite.gen_b2s_conv.axilite_b2s/RD.r_channel_0/transaction_fifo_0/cnt_read[4]_i_1_n_0               | zybo_taylor_i/axi_interconnect_0/s00_couplers/auto_pc/inst/gen_axilite.gen_b2s_conv.axilite_b2s/areset_d1                                                  |                1 |              5 |         5.00 |
|  zybo_taylor_i/processing_system7_0/inst/FCLK_CLK0 | zybo_taylor_i/rst_ps7_0_50M/U0/SEQ/seq_cnt_en                                                                                                                       | zybo_taylor_i/rst_ps7_0_50M/U0/SEQ/SEQ_COUNTER/clear                                                                                                       |                1 |              6 |         6.00 |
|  zybo_taylor_i/processing_system7_0/inst/FCLK_CLK0 | zybo_taylor_i/taylor_ip_0/inst/taylor_ip_v1_2_S00_AXI_inst/slv_reg1[7]_i_1_n_0                                                                                      | zybo_taylor_i/taylor_ip_0/inst/taylor_ip_v1_2_S00_AXI_inst/taylor_sine_inst/SR[0]                                                                          |                1 |              8 |         8.00 |
|  zybo_taylor_i/processing_system7_0/inst/FCLK_CLK0 | zybo_taylor_i/taylor_ip_0/inst/taylor_ip_v1_2_S00_AXI_inst/slv_reg0[31]_i_1_n_0                                                                                     | zybo_taylor_i/taylor_ip_0/inst/taylor_ip_v1_2_S00_AXI_inst/taylor_sine_inst/SR[0]                                                                          |                1 |              8 |         8.00 |
|  zybo_taylor_i/processing_system7_0/inst/FCLK_CLK0 | zybo_taylor_i/taylor_ip_0/inst/taylor_ip_v1_2_S00_AXI_inst/slv_reg1[31]_i_1_n_0                                                                                     | zybo_taylor_i/taylor_ip_0/inst/taylor_ip_v1_2_S00_AXI_inst/taylor_sine_inst/SR[0]                                                                          |                2 |              8 |         4.00 |
|  zybo_taylor_i/processing_system7_0/inst/FCLK_CLK0 | zybo_taylor_i/taylor_ip_0/inst/taylor_ip_v1_2_S00_AXI_inst/slv_reg1[23]_i_1_n_0                                                                                     | zybo_taylor_i/taylor_ip_0/inst/taylor_ip_v1_2_S00_AXI_inst/taylor_sine_inst/SR[0]                                                                          |                1 |              8 |         8.00 |
|  zybo_taylor_i/processing_system7_0/inst/FCLK_CLK0 | zybo_taylor_i/taylor_ip_0/inst/taylor_ip_v1_2_S00_AXI_inst/slv_reg0[7]_i_1_n_0                                                                                      | zybo_taylor_i/taylor_ip_0/inst/taylor_ip_v1_2_S00_AXI_inst/taylor_sine_inst/SR[0]                                                                          |                1 |              8 |         8.00 |
|  zybo_taylor_i/processing_system7_0/inst/FCLK_CLK0 | zybo_taylor_i/taylor_ip_0/inst/taylor_ip_v1_2_S00_AXI_inst/slv_reg0[15]_i_1_n_0                                                                                     | zybo_taylor_i/taylor_ip_0/inst/taylor_ip_v1_2_S00_AXI_inst/taylor_sine_inst/SR[0]                                                                          |                1 |              8 |         8.00 |
|  zybo_taylor_i/processing_system7_0/inst/FCLK_CLK0 | zybo_taylor_i/taylor_ip_0/inst/taylor_ip_v1_2_S00_AXI_inst/slv_reg0[23]_i_1_n_0                                                                                     | zybo_taylor_i/taylor_ip_0/inst/taylor_ip_v1_2_S00_AXI_inst/taylor_sine_inst/SR[0]                                                                          |                2 |              8 |         4.00 |
|  zybo_taylor_i/processing_system7_0/inst/FCLK_CLK0 | zybo_taylor_i/taylor_ip_0/inst/taylor_ip_v1_2_S00_AXI_inst/slv_reg1[15]_i_1_n_0                                                                                     | zybo_taylor_i/taylor_ip_0/inst/taylor_ip_v1_2_S00_AXI_inst/taylor_sine_inst/SR[0]                                                                          |                1 |              8 |         8.00 |
|  zybo_taylor_i/processing_system7_0/inst/FCLK_CLK0 | zybo_taylor_i/axi_interconnect_0/s00_couplers/auto_pc/inst/gen_axilite.gen_b2s_conv.axilite_b2s/WR.b_channel_0/mhandshake_r                                         | zybo_taylor_i/axi_interconnect_0/s00_couplers/auto_pc/inst/gen_axilite.gen_b2s_conv.axilite_b2s/WR.b_channel_0/bid_fifo_0/SR[0]                            |                2 |              8 |         4.00 |
|  zybo_taylor_i/processing_system7_0/inst/FCLK_CLK0 |                                                                                                                                                                     | zybo_taylor_i/axi_interconnect_0/s00_couplers/auto_pc/inst/gen_axilite.gen_b2s_conv.axilite_b2s/areset_d1                                                  |                5 |             10 |         2.00 |
|  zybo_taylor_i/processing_system7_0/inst/FCLK_CLK0 |                                                                                                                                                                     | zybo_taylor_i/taylor_ip_0/inst/taylor_ip_v1_2_S00_AXI_inst/taylor_sine_inst/SR[0]                                                                          |                4 |             11 |         2.75 |
|  zybo_taylor_i/processing_system7_0/inst/FCLK_CLK0 | zybo_taylor_i/taylor_ip_0/inst/taylor_ip_v1_2_S00_AXI_inst/taylor_sine_inst/sin[11]_i_1_n_0                                                                         |                                                                                                                                                            |                5 |             12 |         2.40 |
|  zybo_taylor_i/processing_system7_0/inst/FCLK_CLK0 | zybo_taylor_i/taylor_ip_0/inst/taylor_ip_v1_2_S00_AXI_inst/taylor_sine_inst/sin_out[11]_i_1_n_0                                                                     |                                                                                                                                                            |                6 |             12 |         2.00 |
|  zybo_taylor_i/processing_system7_0/inst/FCLK_CLK0 | zybo_taylor_i/taylor_ip_0/inst/taylor_ip_v1_2_S00_AXI_inst/taylor_sine_inst/x_base[11]_i_1_n_0                                                                      |                                                                                                                                                            |                4 |             12 |         3.00 |
|  zybo_taylor_i/processing_system7_0/inst/FCLK_CLK0 | zybo_taylor_i/taylor_ip_0/inst/taylor_ip_v1_2_S00_AXI_inst/taylor_sine_inst/FSM_onehot_state[11]_i_1_n_0                                                            | zybo_taylor_i/taylor_ip_0/inst/taylor_ip_v1_2_S00_AXI_inst/taylor_sine_inst/SR[0]                                                                          |                3 |             12 |         4.00 |
|  zybo_taylor_i/processing_system7_0/inst/FCLK_CLK0 | zybo_taylor_i/taylor_ip_0/inst/taylor_ip_v1_2_S00_AXI_inst/taylor_sine_inst/n_x_2_mul[21]_i_1_n_0                                                                   |                                                                                                                                                            |                4 |             12 |         3.00 |
|  zybo_taylor_i/processing_system7_0/inst/FCLK_CLK0 | zybo_taylor_i/taylor_ip_0/inst/taylor_ip_v1_2_S00_AXI_inst/taylor_sine_inst/n_x_2[11]_i_1_n_0                                                                       |                                                                                                                                                            |                3 |             12 |         4.00 |
|  zybo_taylor_i/processing_system7_0/inst/FCLK_CLK0 | zybo_taylor_i/axi_interconnect_0/s00_couplers/auto_pc/inst/gen_axilite.gen_b2s_conv.axilite_b2s/RD.ar_channel_0/ar_cmd_fsm_0/m_axi_arready_2                        |                                                                                                                                                            |                5 |             13 |         2.60 |
|  zybo_taylor_i/processing_system7_0/inst/FCLK_CLK0 | zybo_taylor_i/axi_interconnect_0/s00_couplers/auto_pc/inst/gen_axilite.gen_b2s_conv.axilite_b2s/RD.r_channel_0/r_push_r                                             |                                                                                                                                                            |                4 |             13 |         3.25 |
|  zybo_taylor_i/processing_system7_0/inst/FCLK_CLK0 | zybo_taylor_i/axi_interconnect_0/s00_couplers/auto_pc/inst/gen_axilite.gen_b2s_conv.axilite_b2s/SI_REG/b.b_pipe/s_ready_i_reg_0                                     |                                                                                                                                                            |                4 |             14 |         3.50 |
|  zybo_taylor_i/processing_system7_0/inst/FCLK_CLK0 | zybo_taylor_i/axi_interconnect_0/s00_couplers/auto_pc/inst/gen_axilite.gen_b2s_conv.axilite_b2s/SI_REG/b.b_pipe/p_1_in                                              |                                                                                                                                                            |                3 |             14 |         4.67 |
|  zybo_taylor_i/processing_system7_0/inst/FCLK_CLK0 | zybo_taylor_i/axi_interconnect_0/s00_couplers/auto_pc/inst/gen_axilite.gen_b2s_conv.axilite_b2s/WR.aw_channel_0/aw_cmd_fsm_0/m_axi_awready_0                        |                                                                                                                                                            |                3 |             16 |         5.33 |
|  zybo_taylor_i/processing_system7_0/inst/FCLK_CLK0 | zybo_taylor_i/axi_interconnect_0/s00_couplers/auto_pc/inst/gen_axilite.gen_b2s_conv.axilite_b2s/WR.aw_channel_0/aw_cmd_fsm_0/FSM_sequential_state_reg[0]_1          |                                                                                                                                                            |                7 |             16 |         2.29 |
|  zybo_taylor_i/processing_system7_0/inst/FCLK_CLK0 | zybo_taylor_i/axi_interconnect_0/s00_couplers/auto_pc/inst/gen_axilite.gen_b2s_conv.axilite_b2s/WR.aw_channel_0/aw_cmd_fsm_0/E[0]                                   |                                                                                                                                                            |                6 |             27 |         4.50 |
|  zybo_taylor_i/processing_system7_0/inst/FCLK_CLK0 | zybo_taylor_i/axi_interconnect_0/s00_couplers/auto_pc/inst/gen_axilite.gen_b2s_conv.axilite_b2s/RD.ar_channel_0/ar_cmd_fsm_0/m_valid_i_reg[0]                       |                                                                                                                                                            |                7 |             27 |         3.86 |
|  zybo_taylor_i/processing_system7_0/inst/FCLK_CLK0 | zybo_taylor_i/axi_interconnect_0/s00_couplers/auto_pc/inst/gen_axilite.gen_b2s_conv.axilite_b2s/SI_REG/ar.ar_pipe/s_ready_i_reg_0                                   |                                                                                                                                                            |                7 |             27 |         3.86 |
|  zybo_taylor_i/processing_system7_0/inst/FCLK_CLK0 | zybo_taylor_i/axi_interconnect_0/s00_couplers/auto_pc/inst/gen_axilite.gen_b2s_conv.axilite_b2s/SI_REG/aw.aw_pipe/s_ready_i_reg_0                                   |                                                                                                                                                            |                7 |             27 |         3.86 |
|  zybo_taylor_i/processing_system7_0/inst/FCLK_CLK0 | zybo_taylor_i/axi_interconnect_0/s00_couplers/auto_pc/inst/gen_axilite.gen_b2s_conv.axilite_b2s/RD.r_channel_0/rd_data_fifo_0/wr_en0                                |                                                                                                                                                            |                8 |             32 |         4.00 |
|  zybo_taylor_i/processing_system7_0/inst/FCLK_CLK0 | zybo_taylor_i/taylor_ip_0/inst/taylor_ip_v1_2_S00_AXI_inst/slv_reg_rden__0                                                                                          | zybo_taylor_i/taylor_ip_0/inst/taylor_ip_v1_2_S00_AXI_inst/taylor_sine_inst/SR[0]                                                                          |                9 |             32 |         3.56 |
|  zybo_taylor_i/processing_system7_0/inst/FCLK_CLK0 | zybo_taylor_i/axi_interconnect_0/s00_couplers/auto_pc/inst/gen_axilite.gen_b2s_conv.axilite_b2s/SI_REG/r.r_pipe/s_ready_i_reg_0                                     |                                                                                                                                                            |                9 |             45 |         5.00 |
|  zybo_taylor_i/processing_system7_0/inst/FCLK_CLK0 | zybo_taylor_i/axi_interconnect_0/s00_couplers/auto_pc/inst/gen_axilite.gen_b2s_conv.axilite_b2s/SI_REG/r.r_pipe/p_1_in                                              |                                                                                                                                                            |                9 |             45 |         5.00 |
|  zybo_taylor_i/processing_system7_0/inst/FCLK_CLK0 |                                                                                                                                                                     |                                                                                                                                                            |               37 |            127 |         3.43 |
+----------------------------------------------------+---------------------------------------------------------------------------------------------------------------------------------------------------------------------+------------------------------------------------------------------------------------------------------------------------------------------------------------+------------------+----------------+--------------+


