Copyright 1986-2022 Xilinx, Inc. All Rights Reserved. Copyright 2022-2024 Advanced Micro Devices, Inc. All Rights Reserved.
---------------------------------------------------------------------------------------------------------------------------------------------------
| Tool Version : Vivado v.2023.2.2 (win64) Build 4126759 Thu Feb  8 23:53:51 MST 2024
| Date         : Fri Jun 21 19:41:25 2024
| Host         : Imuposibru running 64-bit major release  (build 9200)
| Command      : report_drc -file zybo_taylor_wrapper_drc_routed.rpt -pb zybo_taylor_wrapper_drc_routed.pb -rpx zybo_taylor_wrapper_drc_routed.rpx
| Design       : zybo_taylor_wrapper
| Device       : xc7z010clg400-1
| Speed File   : -1
| Design State : Fully Routed
---------------------------------------------------------------------------------------------------------------------------------------------------

Report DRC

Table of Contents
-----------------
1. REPORT SUMMARY
2. REPORT DETAILS

1. REPORT SUMMARY
-----------------
            Netlist: netlist
          Floorplan: design_1
      Design limits: <entire design considered>
           Ruledeck: default
             Max violations: <unlimited>
             Violations found: 4
+--------+----------+------------------------+------------+
| Rule   | Severity | Description            | Violations |
+--------+----------+------------------------+------------+
| DPIP-1 | Warning  | Input pipelining       | 2          |
| DPOP-1 | Warning  | PREG Output pipelining | 1          |
| DPOP-2 | Warning  | MREG Output pipelining | 1          |
+--------+----------+------------------------+------------+

2. REPORT DETAILS
-----------------
DPIP-1#1 Warning
Input pipelining  
DSP zybo_taylor_i/taylor_ip_0/inst/taylor_ip_v1_2_S00_AXI_inst/taylor_sine_inst/x_tmp_mul_reg input zybo_taylor_i/taylor_ip_0/inst/taylor_ip_v1_2_S00_AXI_inst/taylor_sine_inst/x_tmp_mul_reg/A[29:0] is not pipelined. Pipelining DSP48 input will improve performance.
Related violations: <none>

DPIP-1#2 Warning
Input pipelining  
DSP zybo_taylor_i/taylor_ip_0/inst/taylor_ip_v1_2_S00_AXI_inst/taylor_sine_inst/x_tmp_mul_reg input zybo_taylor_i/taylor_ip_0/inst/taylor_ip_v1_2_S00_AXI_inst/taylor_sine_inst/x_tmp_mul_reg/B[17:0] is not pipelined. Pipelining DSP48 input will improve performance.
Related violations: <none>

DPOP-1#1 Warning
PREG Output pipelining  
DSP zybo_taylor_i/taylor_ip_0/inst/taylor_ip_v1_2_S00_AXI_inst/taylor_sine_inst/n_x_2_mul0 output zybo_taylor_i/taylor_ip_0/inst/taylor_ip_v1_2_S00_AXI_inst/taylor_sine_inst/n_x_2_mul0/P[47:0] is not pipelined (PREG=0). Pipelining the DSP48 output will improve performance and often saves power so it is suggested whenever possible to fully pipeline this function.  If this DSP48 function was inferred, it is suggested to describe an additional register stage after this function.  If the DSP48 was instantiated in the design, it is suggested to set the PREG attribute to 1.
Related violations: <none>

DPOP-2#1 Warning
MREG Output pipelining  
DSP zybo_taylor_i/taylor_ip_0/inst/taylor_ip_v1_2_S00_AXI_inst/taylor_sine_inst/n_x_2_mul0 multiplier stage zybo_taylor_i/taylor_ip_0/inst/taylor_ip_v1_2_S00_AXI_inst/taylor_sine_inst/n_x_2_mul0/P[47:0] is not pipelined (MREG=0). Pipelining the multiplier function will improve performance and will save significant power so it is suggested whenever possible to fully pipeline this function.  If this multiplier was inferred, it is suggested to describe an additional register stage after this function.  If there is no registered adder/accumulator following the multiply function, two pipeline stages are suggested to allow both the MREG and PREG registers to be used.  If the DSP48 was instantiated in the design, it is suggested to set both the MREG and PREG attributes to 1 when performing multiply functions.
Related violations: <none>


