#-----------------------------------------------------------
# Vivado v2018.3 (64-bit)
# SW Build 2405991 on Thu Dec  6 23:38:27 MST 2018
# IP Build 2404404 on Fri Dec  7 01:43:56 MST 2018
# Start of session at: Sun Jun  2 14:07:37 2024
# Process ID: 7536
# Current directory: C:/Users/Public/Documents/JR_PROJECT/FPGA_taylor_aproximation/src/jrwp
# Command line: vivado.exe -gui_launcher_event rodinguilauncherevent15140 C:\Users\Public\Documents\JR_PROJECT\FPGA_taylor_aproximation\src\jrwp\jrwp.xpr
# Log file: C:/Users/Public/Documents/JR_PROJECT/FPGA_taylor_aproximation/src/jrwp/vivado.log
# Journal file: C:/Users/Public/Documents/JR_PROJECT/FPGA_taylor_aproximation/src/jrwp\vivado.jou
#-----------------------------------------------------------
start_gui
open_project -part xc7k70tfbv676-1 C:/Users/Public/Documents/JR_PROJECT/FPGA_taylor_aproximation/src/jrwp/jrwp.xpr
Scanning sources...
Finished scanning sources
INFO: [Project 1-573] Overriding 'synth_1' run's part, 'xc7vx485tffg1157-1', with new part: 'xc7k70tfbv676-1'.
INFO: [Project 1-573] Overriding 'impl_1' run's part, 'xc7vx485tffg1157-1', with new part: 'xc7k70tfbv676-1'.
INFO: [Project 1-563] Overriding project part, 'xc7vx485tffg1157-1', with new part: 'xc7k70tfbv676-1'.
WARNING: [Project 1-231] Project 'jrwp.xpr' was created with a future version and may or may not perform reliably with this version of Vivado. It has been opened in read-only mode for the protection of unrecognized data. Use 'File | Save Project As...' if you wish to alter a copy of the project.
INFO: [IP_Flow 19-234] Refreshing IP repositories
INFO: [IP_Flow 19-1704] No user IP repositories specified
INFO: [IP_Flow 19-2313] Loaded Vivado IP repository 'C:/Xilinx/Vivado/2018.3/data/ip'.
open_project: Time (s): cpu = 00:00:17 ; elapsed = 00:00:10 . Memory (MB): peak = 639.078 ; gain = 81.766
exit
INFO: [Common 17-206] Exiting Vivado at Sun Jun  2 14:09:29 2024...
